<?xml version="1.0" encoding="UTF-8"?>
<testsuite xmlns:xsi="http://www.w3.org/2001/XMLSchema-instance" xsi:noNamespaceSchemaLocation="https://maven.apache.org/surefire/maven-surefire-plugin/xsd/surefire-test-report-3.0.xsd" version="3.0" name="edu.georgetown.bll.UserServiceTest" time="2.004" tests="6" errors="0" skipped="0" failures="0">
  <properties>
    <property name="awt.toolkit" value="sun.awt.X11.XToolkit"/>
    <property name="java.specification.version" value="11"/>
    <property name="sun.cpu.isalist" value=""/>
    <property name="sun.jnu.encoding" value="UTF-8"/>
    <property name="java.class.path" value="/workspaces/24sp-2-chirpy2-cosc-2020-chirpy-group-4/target/test-classes:/workspaces/24sp-2-chirpy2-cosc-2020-chirpy-group-4/target/classes:/home/codespace/.m2/repository/org/mongodb/mongodb-driver-sync/4.11.1/mongodb-driver-sync-4.11.1.jar:/home/codespace/.m2/repository/org/mongodb/bson/4.11.1/bson-4.11.1.jar:/home/codespace/.m2/repository/org/mongodb/mongodb-driver-core/4.11.1/mongodb-driver-core-4.11.1.jar:/home/codespace/.m2/repository/org/mongodb/bson-record-codec/4.11.1/bson-record-codec-4.11.1.jar:/home/codespace/.m2/repository/org/freemarker/freemarker/2.3.32/freemarker-2.3.32.jar:/home/codespace/.m2/repository/org/junit/jupiter/junit-jupiter-api/5.7.0/junit-jupiter-api-5.7.0.jar:/home/codespace/.m2/repository/org/apiguardian/apiguardian-api/1.1.0/apiguardian-api-1.1.0.jar:/home/codespace/.m2/repository/org/opentest4j/opentest4j/1.2.0/opentest4j-1.2.0.jar:/home/codespace/.m2/repository/org/junit/platform/junit-platform-commons/1.7.0/junit-platform-commons-1.7.0.jar:/home/codespace/.m2/repository/org/junit/jupiter/junit-jupiter-engine/5.7.0/junit-jupiter-engine-5.7.0.jar:/home/codespace/.m2/repository/org/junit/platform/junit-platform-engine/1.7.0/junit-platform-engine-1.7.0.jar:"/>
    <property name="java.vm.vendor" value="Microsoft"/>
    <property name="sun.arch.data.model" value="64"/>
    <property name="java.vendor.url" value="https://www.microsoft.com"/>
    <property name="user.timezone" value="Etc/UTC"/>
    <property name="java.vm.specification.version" value="11"/>
    <property name="os.name" value="Linux"/>
    <property name="sun.java.launcher" value="SUN_STANDARD"/>
    <property name="sun.boot.library.path" value="/opt/java/11.0.14/lib"/>
    <property name="sun.java.command" value="/workspaces/24sp-2-chirpy2-cosc-2020-chirpy-group-4/target/surefire/surefirebooter-20240406050954751_3.jar /workspaces/24sp-2-chirpy2-cosc-2020-chirpy-group-4/target/surefire 2024-04-06T05-09-54_603-jvmRun1 surefire-20240406050954751_1tmp surefire_0-20240406050954751_2tmp"/>
    <property name="jdk.debug" value="release"/>
    <property name="surefire.test.class.path" value="/workspaces/24sp-2-chirpy2-cosc-2020-chirpy-group-4/target/test-classes:/workspaces/24sp-2-chirpy2-cosc-2020-chirpy-group-4/target/classes:/home/codespace/.m2/repository/org/mongodb/mongodb-driver-sync/4.11.1/mongodb-driver-sync-4.11.1.jar:/home/codespace/.m2/repository/org/mongodb/bson/4.11.1/bson-4.11.1.jar:/home/codespace/.m2/repository/org/mongodb/mongodb-driver-core/4.11.1/mongodb-driver-core-4.11.1.jar:/home/codespace/.m2/repository/org/mongodb/bson-record-codec/4.11.1/bson-record-codec-4.11.1.jar:/home/codespace/.m2/repository/org/freemarker/freemarker/2.3.32/freemarker-2.3.32.jar:/home/codespace/.m2/repository/org/junit/jupiter/junit-jupiter-api/5.7.0/junit-jupiter-api-5.7.0.jar:/home/codespace/.m2/repository/org/apiguardian/apiguardian-api/1.1.0/apiguardian-api-1.1.0.jar:/home/codespace/.m2/repository/org/opentest4j/opentest4j/1.2.0/opentest4j-1.2.0.jar:/home/codespace/.m2/repository/org/junit/platform/junit-platform-commons/1.7.0/junit-platform-commons-1.7.0.jar:/home/codespace/.m2/repository/org/junit/jupiter/junit-jupiter-engine/5.7.0/junit-jupiter-engine-5.7.0.jar:/home/codespace/.m2/repository/org/junit/platform/junit-platform-engine/1.7.0/junit-platform-engine-1.7.0.jar:"/>
    <property name="sun.cpu.endian" value="little"/>
    <property name="user.home" value="/home/codespace"/>
    <property name="user.language" value="en"/>
    <property name="java.specification.vendor" value="Oracle Corporation"/>
    <property name="java.version.date" value="2022-02-08"/>
    <property name="java.home" value="/opt/java/11.0.14"/>
    <property name="file.separator" value="/"/>
    <property name="basedir" value="/workspaces/24sp-2-chirpy2-cosc-2020-chirpy-group-4"/>
    <property name="java.vm.compressedOopsMode" value="32-bit"/>
    <property name="line.separator" value="&#10;"/>
    <property name="java.specification.name" value="Java Platform API Specification"/>
    <property name="java.vm.specification.vendor" value="Oracle Corporation"/>
    <property name="java.awt.graphicsenv" value="sun.awt.X11GraphicsEnvironment"/>
    <property name="surefire.real.class.path" value="/workspaces/24sp-2-chirpy2-cosc-2020-chirpy-group-4/target/surefire/surefirebooter-20240406050954751_3.jar"/>
    <property name="sun.management.compiler" value="HotSpot 64-Bit Tiered Compilers"/>
    <property name="java.runtime.version" value="11.0.14.1+1-LTS"/>
    <property name="user.name" value="codespace"/>
    <property name="path.separator" value=":"/>
    <property name="os.version" value="6.2.0-1019-azure"/>
    <property name="java.runtime.name" value="OpenJDK Runtime Environment"/>
    <property name="file.encoding" value="UTF-8"/>
    <property name="java.vm.name" value="OpenJDK 64-Bit Server VM"/>
    <property name="java.vendor.version" value="Microsoft-31205"/>
    <property name="localRepository" value="/home/codespace/.m2/repository"/>
    <property name="java.vendor.url.bug" value="https://github.com/microsoft/openjdk/issues"/>
    <property name="java.io.tmpdir" value="/tmp"/>
    <property name="java.version" value="11.0.14.1"/>
    <property name="user.dir" value="/workspaces/24sp-2-chirpy2-cosc-2020-chirpy-group-4"/>
    <property name="os.arch" value="amd64"/>
    <property name="java.vm.specification.name" value="Java Virtual Machine Specification"/>
    <property name="java.awt.printerjob" value="sun.print.PSPrinterJob"/>
    <property name="sun.os.patch.level" value="unknown"/>
    <property name="java.library.path" value="/usr/java/packages/lib:/usr/lib64:/lib64:/lib:/usr/lib"/>
    <property name="java.vm.info" value="mixed mode"/>
    <property name="java.vendor" value="Microsoft"/>
    <property name="java.vm.version" value="11.0.14.1+1-LTS"/>
    <property name="sun.io.unicode.encoding" value="UnicodeLittle"/>
    <property name="java.class.version" value="55.0"/>
  </properties>
  <testcase name="testGetUsers" classname="edu.georgetown.bll.UserServiceTest" time="0.353">
    <system-err><![CDATA[Apr 06, 2024 5:09:59 AM edu.georgetown.bll.user.UserService <init>
INFO: UserService started
Apr 06, 2024 5:09:59 AM edu.georgetown.bll.user.UserService <init>
INFO: conncected to mongodb
]]></system-err>
  </testcase>
  <testcase name="testRegisterUser_Success" classname="edu.georgetown.bll.UserServiceTest" time="0.305">
    <system-err><![CDATA[Apr 06, 2024 5:09:59 AM edu.georgetown.bll.user.UserService <init>
INFO: UserService started
Apr 06, 2024 5:09:59 AM edu.georgetown.bll.user.UserService <init>
INFO: conncected to mongodb
Apr 06, 2024 5:09:59 AM edu.georgetown.bll.user.UserService registerUser
INFO: Attempting to register user: testuser
Apr 06, 2024 5:09:59 AM edu.georgetown.bll.user.UserService registerUser
INFO: User registered successfully: testuser
]]></system-err>
  </testcase>
  <testcase name="testAddFollower_Success" classname="edu.georgetown.bll.UserServiceTest" time="0.392">
    <system-err><![CDATA[Apr 06, 2024 5:09:59 AM edu.georgetown.bll.user.UserService <init>
INFO: UserService started
Apr 06, 2024 5:09:59 AM edu.georgetown.bll.user.UserService <init>
INFO: conncected to mongodb
Apr 06, 2024 5:09:59 AM edu.georgetown.bll.user.UserService registerUser
INFO: Attempting to register user: testuser
Apr 06, 2024 5:10:00 AM edu.georgetown.bll.user.UserService registerUser
INFO: User registered successfully: testuser
Apr 06, 2024 5:10:00 AM edu.georgetown.bll.user.UserService registerUser
INFO: Attempting to register user: usertofollow
Apr 06, 2024 5:10:00 AM edu.georgetown.bll.user.UserService registerUser
INFO: User registered successfully: usertofollow
Apr 06, 2024 5:10:00 AM edu.georgetown.bll.user.UserService addFollower
INFO: Attempting to add follower for user: testuser
Apr 06, 2024 5:10:00 AM edu.georgetown.bll.user.UserService addFollower
INFO: Added usertofollow to testuser's following list.
]]></system-err>
  </testcase>
  <testcase name="testLoginUser_Success" classname="edu.georgetown.bll.UserServiceTest" time="0.327">
    <system-err><![CDATA[Apr 06, 2024 5:10:00 AM edu.georgetown.bll.user.UserService <init>
INFO: UserService started
Apr 06, 2024 5:10:00 AM edu.georgetown.bll.user.UserService <init>
INFO: conncected to mongodb
Apr 06, 2024 5:10:00 AM edu.georgetown.bll.user.UserService registerUser
INFO: Attempting to register user: testuser
Apr 06, 2024 5:10:00 AM edu.georgetown.bll.user.UserService registerUser
INFO: User registered successfully: testuser
Apr 06, 2024 5:10:00 AM edu.georgetown.bll.user.UserService loginUser
INFO: successful login for testuser
]]></system-err>
  </testcase>
  <testcase name="testLoginUser_Failure" classname="edu.georgetown.bll.UserServiceTest" time="0.287">
    <system-err><![CDATA[Apr 06, 2024 5:10:00 AM edu.georgetown.bll.user.UserService <init>
INFO: UserService started
Apr 06, 2024 5:10:00 AM edu.georgetown.bll.user.UserService <init>
INFO: conncected to mongodb
Apr 06, 2024 5:10:00 AM edu.georgetown.bll.user.UserService loginUser
INFO: failed login for testuser due to incorrect password.
]]></system-err>
  </testcase>
  <testcase name="testAddFollower_UserNotFound" classname="edu.georgetown.bll.UserServiceTest" time="0.317">
    <system-err><![CDATA[Apr 06, 2024 5:10:00 AM edu.georgetown.bll.user.UserService <init>
INFO: UserService started
Apr 06, 2024 5:10:00 AM edu.georgetown.bll.user.UserService <init>
INFO: conncected to mongodb
Apr 06, 2024 5:10:00 AM edu.georgetown.bll.user.UserService registerUser
INFO: Attempting to register user: testuser
Apr 06, 2024 5:10:01 AM edu.georgetown.bll.user.UserService registerUser
INFO: User registered successfully: testuser
Apr 06, 2024 5:10:01 AM edu.georgetown.bll.user.UserService addFollower
INFO: Attempting to add follower for user: testuser
Apr 06, 2024 5:10:01 AM edu.georgetown.bll.user.UserService addFollower
INFO: User to follow not found: nonexistentuser
]]></system-err>
  </testcase>
</testsuite>